<?xml version="1.0" encoding="UTF-8" ?>
<testsuite tests="50" failures="0" name="pixelitor.CompositionTest" time="0.383" errors="0" skipped="0">
  <properties>
[...]
</properties>
  <testcase classname="pixelitor.CompositionTest" name="testSwapLayers" time="0.088"/>
  <testcase classname="pixelitor.CompositionTest" name="testMergeDown" time="0.005"/>
  <testcase classname="pixelitor.CompositionTest" name="testImageChanged" time="0.003"/>
  <testcase classname="pixelitor.CompositionTest" name="testFlattenImage" time="0.004"/>
  <testcase classname="pixelitor.CompositionTest" name="testMoveActiveContentRelative" time="0.002"/>
  <testcase classname="pixelitor.CompositionTest" name="testHasSelection" time="0.112"/>
  <testcase classname="pixelitor.CompositionTest" name="testMoveLayerSelectionUp" time="0.022"/>
  <testcase classname="pixelitor.CompositionTest" name="testGetLayer" time="0.003"/>
  <testcase classname="pixelitor.CompositionTest" name="testDragFinished" time="0.002"/>
  <testcase classname="pixelitor.CompositionTest" name="testGetCanvasBounds" time="0.003"/>
  <testcase classname="pixelitor.CompositionTest" name="testMoveLayerSelectionDown" time="0.002"/>
  <testcase classname="pixelitor.CompositionTest" name="testLayerToCanvasSize" time="0.002"/>
  <testcase classname="pixelitor.CompositionTest" name="testGetCanvasHeight" time="0.001"/>
  <testcase classname="pixelitor.CompositionTest" name="testDuplicateLayer" time="0.002"/>
  <testcase classname="pixelitor.CompositionTest" name="testAddNewEmptyLayer" time="0.003"/>
  <testcase classname="pixelitor.CompositionTest" name="testRemoveActiveLayer" time="0.002"/>
  <testcase classname="pixelitor.CompositionTest" name="testSetImageComponent" time="0.002"/>
  <testcase classname="pixelitor.CompositionTest" name="testSetSelectionClipping" time="0.001"/>
  <testcase classname="pixelitor.CompositionTest" name="testAddNewLayerFromComposite" time="0.003"/>
  <testcase classname="pixelitor.CompositionTest" name="testRemoveLayer" time="0.002"/>
  <testcase classname="pixelitor.CompositionTest" name="testPaintSelection" time="0.002"/>
  <testcase classname="pixelitor.CompositionTest" name="testMoveActiveLayerToTop" time="0.004"/>
  <testcase classname="pixelitor.CompositionTest" name="testGetFilterSource" time="0.002"/>
  <testcase classname="pixelitor.CompositionTest" name="testGetSelection" time="0.002"/>
  <testcase classname="pixelitor.CompositionTest" name="testIsActiveLayer" time="0.002"/>
  <testcase classname="pixelitor.CompositionTest" name="testAddLayer" time="0.002"/>
  <testcase classname="pixelitor.CompositionTest" name="testSetActiveLayer" time="0.001"/>
  <testcase classname="pixelitor.CompositionTest" name="testInvertSelection" time="0.004"/>
  <testcase classname="pixelitor.CompositionTest" name="testGenerateNewLayerName" time="0.003"/>
  <testcase classname="pixelitor.CompositionTest" name="testMoveActiveLayerToBottom" time="0.003"/>
  <testcase classname="pixelitor.CompositionTest" name="testUpdateRegion" time="0.003"/>
  <testcase classname="pixelitor.CompositionTest" name="testStartTranslation" time="0.004"/>
  <testcase classname="pixelitor.CompositionTest" name="testGetActiveImageLayer" time="0.003"/>
  <testcase classname="pixelitor.CompositionTest" name="testFilterWithoutDialogFinished" time="0.014"/>
  <testcase classname="pixelitor.CompositionTest" name="testGetCanvasWidth" time="0.001"/>
  <testcase classname="pixelitor.CompositionTest" name="testGetImageOrSubImageIfSelectedForActiveLayer" time="0.001"/>
  <testcase classname="pixelitor.CompositionTest" name="testCreateSelectionFromShape" time="0.004"/>
  <testcase classname="pixelitor.CompositionTest" name="testSetCanvas" time="0.001"/>
  <testcase classname="pixelitor.CompositionTest" name="testStartSelection" time="0.001"/>
  <testcase classname="pixelitor.CompositionTest" name="testGetCanvas" time="0.002"/>
  <testcase classname="pixelitor.CompositionTest" name="testMoveActiveLayer" time="0.003"/>
  <testcase classname="pixelitor.CompositionTest" name="testEndTranslation" time="0.003"/>
  <testcase classname="pixelitor.CompositionTest" name="testDispose" time="0.002"/>
  <testcase classname="pixelitor.CompositionTest" name="testGetCompositeImage" time="0.002"/>
  <testcase classname="pixelitor.CompositionTest" name="testEnlargeCanvas" time="0.02"/>
  <testcase classname="pixelitor.CompositionTest" name="testIsDirty" time="0.003"/>
  <testcase classname="pixelitor.CompositionTest" name="testIsEmpty" time="0.002"/>
  <testcase classname="pixelitor.CompositionTest" name="testDeselect" time="0.002"/>
  <testcase classname="pixelitor.CompositionTest" name="testAddLayerNoGUI" time="0.003"/>
  <testcase classname="pixelitor.CompositionTest" name="testSetDirty" time="0.002"/>
</testsuite>