<?xml version="1.0" encoding="UTF-8" ?>
<testsuite tests="98" failures="0" name="pixelitor.filters.gui.FilterParamTest" time="0.671" errors="0" skipped="0">
  <properties>
[...]
</properties>
  <testcase classname="pixelitor.filters.gui.FilterParamTest" name="testResetTrue[0]" time="0"/>
  <testcase classname="pixelitor.filters.gui.FilterParamTest" name="testCopyAndSetState[0]" time="0.016"/>
  <testcase classname="pixelitor.filters.gui.FilterParamTest" name="testRandomize[0]" time="0.001"/>
  <testcase classname="pixelitor.filters.gui.FilterParamTest" name="testGetNrOfGridBagCols[0]" time="0"/>
  <testcase classname="pixelitor.filters.gui.FilterParamTest" name="testSimpleMethods[0]" time="0.052"/>
  <testcase classname="pixelitor.filters.gui.FilterParamTest" name="testCreateGUI[0]" time="0.003"/>
  <testcase classname="pixelitor.filters.gui.FilterParamTest" name="testResetFalse[0]" time="0.001"/>
  <testcase classname="pixelitor.filters.gui.FilterParamTest" name="testResetTrue[1]" time="0"/>
  <testcase classname="pixelitor.filters.gui.FilterParamTest" name="testCopyAndSetState[1]" time="0.001"/>
  <testcase classname="pixelitor.filters.gui.FilterParamTest" name="testRandomize[1]" time="0"/>
  <testcase classname="pixelitor.filters.gui.FilterParamTest" name="testGetNrOfGridBagCols[1]" time="0"/>
  <testcase classname="pixelitor.filters.gui.FilterParamTest" name="testSimpleMethods[1]" time="0.028"/>
  <testcase classname="pixelitor.filters.gui.FilterParamTest" name="testCreateGUI[1]" time="0.003"/>
  <testcase classname="pixelitor.filters.gui.FilterParamTest" name="testResetFalse[1]" time="0.001"/>
  <testcase classname="pixelitor.filters.gui.FilterParamTest" name="testResetTrue[2]" time="0"/>
  <testcase classname="pixelitor.filters.gui.FilterParamTest" name="testCopyAndSetState[2]" time="0.001"/>
  <testcase classname="pixelitor.filters.gui.FilterParamTest" name="testRandomize[2]" time="0"/>
  <testcase classname="pixelitor.filters.gui.FilterParamTest" name="testGetNrOfGridBagCols[2]" time="0.001"/>
  <testcase classname="pixelitor.filters.gui.FilterParamTest" name="testSimpleMethods[2]" time="0.018"/>
  <testcase classname="pixelitor.filters.gui.FilterParamTest" name="testCreateGUI[2]" time="0.006"/>
  <testcase classname="pixelitor.filters.gui.FilterParamTest" name="testResetFalse[2]" time="0.002"/>
  <testcase classname="pixelitor.filters.gui.FilterParamTest" name="testResetTrue[3]" time="0"/>
  <testcase classname="pixelitor.filters.gui.FilterParamTest" name="testCopyAndSetState[3]" time="0"/>
  <testcase classname="pixelitor.filters.gui.FilterParamTest" name="testRandomize[3]" time="0"/>
  <testcase classname="pixelitor.filters.gui.FilterParamTest" name="testGetNrOfGridBagCols[3]" time="0"/>
  <testcase classname="pixelitor.filters.gui.FilterParamTest" name="testSimpleMethods[3]" time="0.005"/>
  <testcase classname="pixelitor.filters.gui.FilterParamTest" name="testCreateGUI[3]" time="0.005"/>
  <testcase classname="pixelitor.filters.gui.FilterParamTest" name="testResetFalse[3]" time="0.001"/>
  <testcase classname="pixelitor.filters.gui.FilterParamTest" name="testResetTrue[4]" time="0"/>
  <testcase classname="pixelitor.filters.gui.FilterParamTest" name="testCopyAndSetState[4]" time="0.022"/>
  <testcase classname="pixelitor.filters.gui.FilterParamTest" name="testRandomize[4]" time="0.001"/>
  <testcase classname="pixelitor.filters.gui.FilterParamTest" name="testGetNrOfGridBagCols[4]" time="0"/>
  <testcase classname="pixelitor.filters.gui.FilterParamTest" name="testSimpleMethods[4]" time="0.019"/>
  <testcase classname="pixelitor.filters.gui.FilterParamTest" name="testCreateGUI[4]" time="0.006"/>
  <testcase classname="pixelitor.filters.gui.FilterParamTest" name="testResetFalse[4]" time="0.001"/>
  <testcase classname="pixelitor.filters.gui.FilterParamTest" name="testResetTrue[5]" time="0.02"/>
  <testcase classname="pixelitor.filters.gui.FilterParamTest" name="testCopyAndSetState[5]" time="0.008"/>
  <testcase classname="pixelitor.filters.gui.FilterParamTest" name="testRandomize[5]" time="0"/>
  <testcase classname="pixelitor.filters.gui.FilterParamTest" name="testGetNrOfGridBagCols[5]" time="0"/>
  <testcase classname="pixelitor.filters.gui.FilterParamTest" name="testSimpleMethods[5]" time="0"/>
  <testcase classname="pixelitor.filters.gui.FilterParamTest" name="testCreateGUI[5]" time="0"/>
  <testcase classname="pixelitor.filters.gui.FilterParamTest" name="testResetFalse[5]" time="0"/>
  <testcase classname="pixelitor.filters.gui.FilterParamTest" name="testResetTrue[6]" time="0.001"/>
  <testcase classname="pixelitor.filters.gui.FilterParamTest" name="testCopyAndSetState[6]" time="0"/>
  <testcase classname="pixelitor.filters.gui.FilterParamTest" name="testRandomize[6]" time="0"/>
  <testcase classname="pixelitor.filters.gui.FilterParamTest" name="testGetNrOfGridBagCols[6]" time="0"/>
  <testcase classname="pixelitor.filters.gui.FilterParamTest" name="testSimpleMethods[6]" time="0.001"/>
  <testcase classname="pixelitor.filters.gui.FilterParamTest" name="testCreateGUI[6]" time="0"/>
  <testcase classname="pixelitor.filters.gui.FilterParamTest" name="testResetFalse[6]" time="0"/>
  <testcase classname="pixelitor.filters.gui.FilterParamTest" name="testResetTrue[7]" time="0"/>
  <testcase classname="pixelitor.filters.gui.FilterParamTest" name="testCopyAndSetState[7]" time="0.025"/>
  <testcase classname="pixelitor.filters.gui.FilterParamTest" name="testRandomize[7]" time="0"/>
  <testcase classname="pixelitor.filters.gui.FilterParamTest" name="testGetNrOfGridBagCols[7]" time="0"/>
  <testcase classname="pixelitor.filters.gui.FilterParamTest" name="testSimpleMethods[7]" time="0.044"/>
  <testcase classname="pixelitor.filters.gui.FilterParamTest" name="testCreateGUI[7]" time="0"/>
  <testcase classname="pixelitor.filters.gui.FilterParamTest" name="testResetFalse[7]" time="0"/>
  <testcase classname="pixelitor.filters.gui.FilterParamTest" name="testResetTrue[8]" time="0.001"/>
  <testcase classname="pixelitor.filters.gui.FilterParamTest" name="testCopyAndSetState[8]" time="0"/>
  <testcase classname="pixelitor.filters.gui.FilterParamTest" name="testRandomize[8]" time="0"/>
  <testcase classname="pixelitor.filters.gui.FilterParamTest" name="testGetNrOfGridBagCols[8]" time="0"/>
  <testcase classname="pixelitor.filters.gui.FilterParamTest" name="testSimpleMethods[8]" time="0"/>
  <testcase classname="pixelitor.filters.gui.FilterParamTest" name="testCreateGUI[8]" time="0"/>
  <testcase classname="pixelitor.filters.gui.FilterParamTest" name="testResetFalse[8]" time="0"/>
  <testcase classname="pixelitor.filters.gui.FilterParamTest" name="testResetTrue[9]" time="0"/>
  <testcase classname="pixelitor.filters.gui.FilterParamTest" name="testCopyAndSetState[9]" time="0"/>
  <testcase classname="pixelitor.filters.gui.FilterParamTest" name="testRandomize[9]" time="0.001"/>
  <testcase classname="pixelitor.filters.gui.FilterParamTest" name="testGetNrOfGridBagCols[9]" time="0"/>
  <testcase classname="pixelitor.filters.gui.FilterParamTest" name="testSimpleMethods[9]" time="0"/>
  <testcase classname="pixelitor.filters.gui.FilterParamTest" name="testCreateGUI[9]" time="0"/>
  <testcase classname="pixelitor.filters.gui.FilterParamTest" name="testResetFalse[9]" time="0"/>
  <testcase classname="pixelitor.filters.gui.FilterParamTest" name="testResetTrue[10]" time="0"/>
  <testcase classname="pixelitor.filters.gui.FilterParamTest" name="testCopyAndSetState[10]" time="0"/>
  <testcase classname="pixelitor.filters.gui.FilterParamTest" name="testRandomize[10]" time="0"/>
  <testcase classname="pixelitor.filters.gui.FilterParamTest" name="testGetNrOfGridBagCols[10]" time="0"/>
  <testcase classname="pixelitor.filters.gui.FilterParamTest" name="testSimpleMethods[10]" time="0.002"/>
  <testcase classname="pixelitor.filters.gui.FilterParamTest" name="testCreateGUI[10]" time="0"/>
  <testcase classname="pixelitor.filters.gui.FilterParamTest" name="testResetFalse[10]" time="0"/>
  <testcase classname="pixelitor.filters.gui.FilterParamTest" name="testResetTrue[11]" time="0"/>
  <testcase classname="pixelitor.filters.gui.FilterParamTest" name="testCopyAndSetState[11]" time="0.003"/>
  <testcase classname="pixelitor.filters.gui.FilterParamTest" name="testRandomize[11]" time="0"/>
  <testcase classname="pixelitor.filters.gui.FilterParamTest" name="testGetNrOfGridBagCols[11]" time="0"/>
  <testcase classname="pixelitor.filters.gui.FilterParamTest" name="testSimpleMethods[11]" time="0.006"/>
  <testcase classname="pixelitor.filters.gui.FilterParamTest" name="testCreateGUI[11]" time="0.002"/>
  <testcase classname="pixelitor.filters.gui.FilterParamTest" name="testResetFalse[11]" time="0.001"/>
  <testcase classname="pixelitor.filters.gui.FilterParamTest" name="testResetTrue[12]" time="0"/>
  <testcase classname="pixelitor.filters.gui.FilterParamTest" name="testCopyAndSetState[12]" time="0"/>
  <testcase classname="pixelitor.filters.gui.FilterParamTest" name="testRandomize[12]" time="0"/>
  <testcase classname="pixelitor.filters.gui.FilterParamTest" name="testGetNrOfGridBagCols[12]" time="0"/>
  <testcase classname="pixelitor.filters.gui.FilterParamTest" name="testSimpleMethods[12]" time="0.003"/>
  <testcase classname="pixelitor.filters.gui.FilterParamTest" name="testCreateGUI[12]" time="0.002"/>
  <testcase classname="pixelitor.filters.gui.FilterParamTest" name="testResetFalse[12]" time="0.001"/>
  <testcase classname="pixelitor.filters.gui.FilterParamTest" name="testResetTrue[13]" time="0"/>
  <testcase classname="pixelitor.filters.gui.FilterParamTest" name="testCopyAndSetState[13]" time="0"/>
  <testcase classname="pixelitor.filters.gui.FilterParamTest" name="testRandomize[13]" time="0"/>
  <testcase classname="pixelitor.filters.gui.FilterParamTest" name="testGetNrOfGridBagCols[13]" time="0"/>
  <testcase classname="pixelitor.filters.gui.FilterParamTest" name="testSimpleMethods[13]" time="0.003"/>
  <testcase classname="pixelitor.filters.gui.FilterParamTest" name="testCreateGUI[13]" time="0.002"/>
  <testcase classname="pixelitor.filters.gui.FilterParamTest" name="testResetFalse[13]" time="0"/>
</testsuite>